<?xml version="1.0" encoding="UTF-8"?>
<testsuite name="ru.netology.PostTest" tests="1" skipped="0" failures="0" errors="0" timestamp="2021-12-05T08:22:46" hostname="DESKTOP-0893DTE" time="5.911">
  <properties/>
  <testcase name="shouldSendRequestPost()" classname="ru.netology.PostTest" time="5.911"/>
  <system-out><![CDATA[]]></system-out>
  <system-err><![CDATA[]]></system-err>
</testsuite>
